#
# There is insufficient memory for the Java Runtime Environment to continue.
# Native memory allocation (malloc) failed to allocate 2047248 bytes. Error detail: Chunk::new
# Possible reasons:
#   The system is out of physical RAM or swap space
#   This process is running with CompressedOops enabled, and the Java Heap may be blocking the growth of the native heap
# Possible solutions:
#   Reduce memory load on the system
#   Increase physical memory or swap space
#   Check if swap backing store is full
#   Decrease Java heap size (-Xmx/-Xms)
#   Decrease number of Java threads
#   Decrease Java thread stack sizes (-Xss)
#   Set larger code cache with -XX:ReservedCodeCacheSize=
#   JVM is running with Zero Based Compressed Oops mode in which the Java heap is
#     placed in the first 32GB address space. The Java Heap base address is the
#     maximum limit for the native heap growth. Please use -XX:HeapBaseMinAddress
#     to set the Java Heap base and to place the Java Heap above 32GB virtual address.
# This output file may be truncated or incomplete.
#
#  Out of Memory Error (arena.cpp:168), pid=21660, tid=20908
#
# JRE version: OpenJDK Runtime Environment Temurin-21.0.9+10 (21.0.9+10) (build 21.0.9+10-LTS)
# Java VM: OpenJDK 64-Bit Server VM Temurin-21.0.9+10 (21.0.9+10-LTS, mixed mode, sharing, tiered, compressed oops, compressed class ptrs, g1 gc, windows-amd64)
# No core dump will be written. Minidumps are not enabled by default on client versions of Windows
#

---------------  S U M M A R Y ------------

Command Line: -Dfile.encoding=UTF-8 -Dstdout.encoding=UTF-8 -Dstderr.encoding=UTF-8 -XX:+ShowCodeDetailsInExceptionMessages javaproject1.class1

Host: 13th Gen Intel(R) Core(TM) i7-1355U, 12 cores, 15G,  Windows 11 , 64 bit Build 26100 (10.0.26100.7623)
Time: Wed Feb  4 14:57:24 2026 India Standard Time elapsed time: 9.103228 seconds (0d 0h 0m 9s)

---------------  T H R E A D  ---------------

Current thread (0x00000275baabb2e0):  JavaThread "C2 CompilerThread0" daemon [_thread_in_native, id=20908, stack(0x0000009d17500000,0x0000009d17600000) (1024K)]


Current CompileTask:
C2:9103 1818       4       java.lang.invoke.MethodType::methodType (69 bytes)

Stack: [0x0000009d17500000,0x0000009d17600000]
Native frames: (J=compiled Java code, j=interpreted, Vv=VM code, C=native code)
V  [jvm.dll+0x6d6e29]
V  [jvm.dll+0x8b4b76]
V  [jvm.dll+0x8b712e]
V  [jvm.dll+0x8b7813]
V  [jvm.dll+0x283d86]
V  [jvm.dll+0xc66ed]
V  [jvm.dll+0xc6c31]
V  [jvm.dll+0x3be53b]
V  [jvm.dll+0x38ab92]
V  [jvm.dll+0x389fda]
V  [jvm.dll+0x24bfa0]
V  [jvm.dll+0x24b580]
V  [jvm.dll+0x1cb13e]
V  [jvm.dll+0x25b29d]
V  [jvm.dll+0x25982a]
V  [jvm.dll+0x3f7ea6]
V  [jvm.dll+0x85e9ad]
V  [jvm.dll+0x6d565d]
C  [ucrtbase.dll+0x37b0]
C  [KERNEL32.DLL+0x2e8d7]
C  [ntdll.dll+0x8c53c]


---------------  P R O C E S S  ---------------

Threads class SMR info:
_java_thread_list=0x0000027580d009f0, length=29, elements={
0x00000275a00c2fe0, 0x00000275ba54bd50, 0x00000275baaa7110, 0x00000275baaa8b60,
0x00000275baaa9830, 0x00000275baab3330, 0x00000275baaba110, 0x00000275baabb2e0,
0x00000275baabc900, 0x00000275bac00c20, 0x00000275bac13c60, 0x00000275801d86c0,
0x00000275802c8410, 0x00000275802dcbb0, 0x00000275804f4e90, 0x00000275bae9bfe0,
0x00000275bae9c640, 0x00000275802e35b0, 0x0000027580c44480, 0x00000275806472d0,
0x0000027580645200, 0x0000027580647ff0, 0x0000027580645f20, 0x0000027580661a50,
0x0000027580648680, 0x0000027580647960, 0x0000027580645890, 0x00000275806465b0,
0x0000027580646c40
}

Java Threads: ( => current thread )
  0x00000275a00c2fe0 JavaThread "Forwarding get on session cbb8ce5656e68190aaad4558af0e5c2d to remote"        [_thread_blocked, id=6392, stack(0x0000009d16700000,0x0000009d16800000) (1024K)]
  0x00000275ba54bd50 JavaThread "Reference Handler"          daemon [_thread_blocked, id=20720, stack(0x0000009d16f00000,0x0000009d17000000) (1024K)]
  0x00000275baaa7110 JavaThread "Finalizer"                  daemon [_thread_blocked, id=14712, stack(0x0000009d17000000,0x0000009d17100000) (1024K)]
  0x00000275baaa8b60 JavaThread "Signal Dispatcher"          daemon [_thread_blocked, id=12208, stack(0x0000009d17100000,0x0000009d17200000) (1024K)]
  0x00000275baaa9830 JavaThread "Attach Listener"            daemon [_thread_blocked, id=6472, stack(0x0000009d17200000,0x0000009d17300000) (1024K)]
  0x00000275baab3330 JavaThread "Service Thread"             daemon [_thread_blocked, id=20788, stack(0x0000009d17300000,0x0000009d17400000) (1024K)]
  0x00000275baaba110 JavaThread "Monitor Deflation Thread"   daemon [_thread_blocked, id=25740, stack(0x0000009d17400000,0x0000009d17500000) (1024K)]
=>0x00000275baabb2e0 JavaThread "C2 CompilerThread0"         daemon [_thread_in_native, id=20908, stack(0x0000009d17500000,0x0000009d17600000) (1024K)]
  0x00000275baabc900 JavaThread "C1 CompilerThread0"         daemon [_thread_blocked, id=10684, stack(0x0000009d17600000,0x0000009d17700000) (1024K)]
  0x00000275bac00c20 JavaThread "Notification Thread"        daemon [_thread_blocked, id=25536, stack(0x0000009d17700000,0x0000009d17800000) (1024K)]
  0x00000275bac13c60 JavaThread "Common-Cleaner"             daemon [_thread_blocked, id=17552, stack(0x0000009d17800000,0x0000009d17900000) (1024K)]
  0x00000275801d86c0 JavaThread "ForkJoinPool.commonPool-worker-1" daemon [_thread_blocked, id=15964, stack(0x0000009d17900000,0x0000009d17a00000) (1024K)]
  0x00000275802c8410 JavaThread "HttpClient-1-SelectorManager" daemon [_thread_in_native, id=14796, stack(0x0000009d18400000,0x0000009d18500000) (1024K)]
  0x00000275802dcbb0 JavaThread "External Process Output Forwarder - C:\Users\annie\.cache\selenium\chromedriver\win64\144.0.7559.133\chromedriver.exe" daemon [_thread_in_native, id=21720, stack(0x0000009d18500000,0x0000009d18600000) (1024K)]
  0x00000275804f4e90 JavaThread "Driver Service Executor"    daemon [_thread_blocked, id=21808, stack(0x0000009d18600000,0x0000009d18700000) (1024K)]
  0x00000275bae9bfe0 JavaThread "Driver Service Executor"    daemon [_thread_in_native, id=10596, stack(0x0000009d18700000,0x0000009d18800000) (1024K)]
  0x00000275bae9c640 JavaThread "UrlChecker-2"               daemon [_thread_blocked, id=9832, stack(0x0000009d18800000,0x0000009d18900000) (1024K)]
  0x00000275802e35b0 JavaThread "Keep-Alive-Timer"           daemon [_thread_blocked, id=3232, stack(0x0000009d18a00000,0x0000009d18b00000) (1024K)]
  0x0000027580c44480 JavaThread "JdkHttpClient-0-0"          daemon [_thread_blocked, id=22804, stack(0x0000009d18b00000,0x0000009d18c00000) (1024K)]
  0x00000275806472d0 JavaThread "CompletableFutureDelayScheduler" daemon [_thread_blocked, id=14112, stack(0x0000009d18c00000,0x0000009d18d00000) (1024K)]
  0x0000027580645200 JavaThread "JdkHttpClient-0-1"          daemon [_thread_blocked, id=9420, stack(0x0000009d18d00000,0x0000009d18e00000) (1024K)]
  0x0000027580647ff0 JavaThread "JdkHttpClient-0-2"          daemon [_thread_blocked, id=20528, stack(0x0000009d18e00000,0x0000009d18f00000) (1024K)]
  0x0000027580645f20 JavaThread "JdkHttpClient-0-3"          daemon [_thread_blocked, id=14172, stack(0x0000009d18f00000,0x0000009d19000000) (1024K)]
  0x0000027580661a50 JavaThread "C2 CompilerThread1"         daemon [_thread_in_native, id=1608, stack(0x0000009d17a00000,0x0000009d17b00000) (1024K)]
  0x0000027580648680 JavaThread "HttpClient-2-SelectorManager" daemon [_thread_in_native, id=24416, stack(0x0000009d19000000,0x0000009d19100000) (1024K)]
  0x0000027580647960 JavaThread "JdkHttpClient-1-0"          daemon [_thread_blocked, id=21624, stack(0x0000009d19100000,0x0000009d19200000) (1024K)]
  0x0000027580645890 JavaThread "JdkHttpClient-1-1"          daemon [_thread_blocked, id=21576, stack(0x0000009d19200000,0x0000009d19300000) (1024K)]
  0x00000275806465b0 JavaThread "JdkHttpClient-1-2"          daemon [_thread_blocked, id=2700, stack(0x0000009d19300000,0x0000009d19400000) (1024K)]
  0x0000027580646c40 JavaThread "JdkHttpClient-1-3"          daemon [_thread_blocked, id=9044, stack(0x0000009d19400000,0x0000009d19500000) (1024K)]
Total: 29

Other Threads:
  0x00000275ba5342e0 VMThread "VM Thread"                           [id=2224, stack(0x0000009d16e00000,0x0000009d16f00000) (1024K)]
  0x00000275ba520cd0 WatcherThread "VM Periodic Task Thread"        [id=4440, stack(0x0000009d16d00000,0x0000009d16e00000) (1024K)]
  0x00000275a012b460 WorkerThread "GC Thread#0"                     [id=6976, stack(0x0000009d16800000,0x0000009d16900000) (1024K)]
  0x00000275803690e0 WorkerThread "GC Thread#1"                     [id=18772, stack(0x0000009d17b00000,0x0000009d17c00000) (1024K)]
  0x00000275803c7330 WorkerThread "GC Thread#2"                     [id=16156, stack(0x0000009d17c00000,0x0000009d17d00000) (1024K)]
  0x00000275803c76d0 WorkerThread "GC Thread#3"                     [id=16012, stack(0x0000009d17d00000,0x0000009d17e00000) (1024K)]
  0x00000275803c7a70 WorkerThread "GC Thread#4"                     [id=15432, stack(0x0000009d17e00000,0x0000009d17f00000) (1024K)]
  0x00000275803cbe20 WorkerThread "GC Thread#5"                     [id=23360, stack(0x0000009d17f00000,0x0000009d18000000) (1024K)]
  0x00000275804a6200 WorkerThread "GC Thread#6"                     [id=19100, stack(0x0000009d18000000,0x0000009d18100000) (1024K)]
  0x00000275804a65a0 WorkerThread "GC Thread#7"                     [id=19916, stack(0x0000009d18100000,0x0000009d18200000) (1024K)]
  0x00000275804a6940 WorkerThread "GC Thread#8"                     [id=25892, stack(0x0000009d18200000,0x0000009d18300000) (1024K)]
  0x00000275804a6ce0 WorkerThread "GC Thread#9"                     [id=9500, stack(0x0000009d18300000,0x0000009d18400000) (1024K)]
  0x00000275a013be90 ConcurrentGCThread "G1 Main Marker"            [id=22136, stack(0x0000009d16900000,0x0000009d16a00000) (1024K)]
  0x00000275a013c990 WorkerThread "G1 Conc#0"                       [id=19256, stack(0x0000009d16a00000,0x0000009d16b00000) (1024K)]
  0x00000275ba3f48c0 ConcurrentGCThread "G1 Refine#0"               [id=22908, stack(0x0000009d16b00000,0x0000009d16c00000) (1024K)]
  0x00000275ba3f4ee0 ConcurrentGCThread "G1 Service"                [id=18884, stack(0x0000009d16c00000,0x0000009d16d00000) (1024K)]
Total: 16

Threads with active compile tasks:
C2 CompilerThread0  10152 1818       4       java.lang.invoke.MethodType::methodType (69 bytes)
C2 CompilerThread1  10153 1741       4       java.lang.invoke.MethodType::makeImpl (109 bytes)
Total: 2

VM state: not at safepoint (normal execution)

VM Mutex/Monitor currently owned by a thread: None

Heap address: 0x0000000705a00000, size: 4006 MB, Compressed Oops mode: Zero based, Oop shift amount: 3

CDS archive(s) mapped at: [0x00000275bb000000-0x00000275bbc80000-0x00000275bbc80000), size 13107200, SharedBaseAddress: 0x00000275bb000000, ArchiveRelocationMode: 1.
Compressed class space mapped at: 0x00000275bc000000-0x00000275fc000000, reserved size: 1073741824
Narrow klass base: 0x00000275bb000000, Narrow klass shift: 0, Narrow klass range: 0x100000000

GC Precious Log:
 CardTable entry size: 512
 Card Set container configuration: InlinePtr #cards 4 size 8 Array Of Cards #cards 16 size 48 Howl #buckets 8 coarsen threshold 3686 Howl Bitmap #cards 512 size 80 coarsen threshold 460 Card regions per heap region 1 cards per card region 4096
 CPUs: 12 total, 12 available
 Memory: 16016M
 Large Page Support: Disabled
 NUMA Support: Disabled
 Compressed Oops: Enabled (Zero based)
 Heap Region Size: 2M
 Heap Min Capacity: 8M
 Heap Initial Capacity: 252M
 Heap Max Capacity: 4006M
 Pre-touch: Disabled
 Parallel Workers: 10
 Concurrent Workers: 3
 Concurrent Refinement Workers: 10
 Periodic GC: Disabled

Heap:
 garbage-first heap   total 258048K, used 24534K [0x0000000705a00000, 0x0000000800000000)
  region size 2048K, 11 young (22528K), 2 survivors (4096K)
 Metaspace       used 12932K, committed 13312K, reserved 1114112K
  class space    used 1574K, committed 1728K, reserved 1048576K

Heap Regions: E=young(eden), S=young(survivor), O=old, HS=humongous(starts), HC=humongous(continues), CS=collection set, F=free, TAMS=top-at-mark-start, PB=parsable bottom
|   0|0x0000000705a00000, 0x0000000705c00000, 0x0000000705c00000|100%| O|  |TAMS 0x0000000705a00000| PB 0x0000000705a00000| Untracked 
|   1|0x0000000705c00000, 0x0000000705df5900, 0x0000000705e00000| 97%| O|  |TAMS 0x0000000705c00000| PB 0x0000000705c00000| Untracked 
|   2|0x0000000705e00000, 0x0000000705e00000, 0x0000000706000000|  0%| F|  |TAMS 0x0000000705e00000| PB 0x0000000705e00000| Untracked 
|   3|0x0000000706000000, 0x0000000706000000, 0x0000000706200000|  0%| F|  |TAMS 0x0000000706000000| PB 0x0000000706000000| Untracked 
|   4|0x0000000706200000, 0x0000000706200000, 0x0000000706400000|  0%| F|  |TAMS 0x0000000706200000| PB 0x0000000706200000| Untracked 
|   5|0x0000000706400000, 0x0000000706400000, 0x0000000706600000|  0%| F|  |TAMS 0x0000000706400000| PB 0x0000000706400000| Untracked 
|   6|0x0000000706600000, 0x0000000706600000, 0x0000000706800000|  0%| F|  |TAMS 0x0000000706600000| PB 0x0000000706600000| Untracked 
|   7|0x0000000706800000, 0x0000000706800000, 0x0000000706a00000|  0%| F|  |TAMS 0x0000000706800000| PB 0x0000000706800000| Untracked 
|   8|0x0000000706a00000, 0x0000000706a00000, 0x0000000706c00000|  0%| F|  |TAMS 0x0000000706a00000| PB 0x0000000706a00000| Untracked 
|   9|0x0000000706c00000, 0x0000000706c00000, 0x0000000706e00000|  0%| F|  |TAMS 0x0000000706c00000| PB 0x0000000706c00000| Untracked 
|  10|0x0000000706e00000, 0x0000000706e00000, 0x0000000707000000|  0%| F|  |TAMS 0x0000000706e00000| PB 0x0000000706e00000| Untracked 
|  11|0x0000000707000000, 0x0000000707000000, 0x0000000707200000|  0%| F|  |TAMS 0x0000000707000000| PB 0x0000000707000000| Untracked 
|  12|0x0000000707200000, 0x0000000707200000, 0x0000000707400000|  0%| F|  |TAMS 0x0000000707200000| PB 0x0000000707200000| Untracked 
|  13|0x0000000707400000, 0x0000000707400000, 0x0000000707600000|  0%| F|  |TAMS 0x0000000707400000| PB 0x0000000707400000| Untracked 
|  14|0x0000000707600000, 0x0000000707600000, 0x0000000707800000|  0%| F|  |TAMS 0x0000000707600000| PB 0x0000000707600000| Untracked 
|  15|0x0000000707800000, 0x0000000707800000, 0x0000000707a00000|  0%| F|  |TAMS 0x0000000707800000| PB 0x0000000707800000| Untracked 
|  16|0x0000000707a00000, 0x0000000707a00000, 0x0000000707c00000|  0%| F|  |TAMS 0x0000000707a00000| PB 0x0000000707a00000| Untracked 
|  17|0x0000000707c00000, 0x0000000707c00000, 0x0000000707e00000|  0%| F|  |TAMS 0x0000000707c00000| PB 0x0000000707c00000| Untracked 
|  18|0x0000000707e00000, 0x0000000707e00000, 0x0000000708000000|  0%| F|  |TAMS 0x0000000707e00000| PB 0x0000000707e00000| Untracked 
|  19|0x0000000708000000, 0x0000000708000000, 0x0000000708200000|  0%| F|  |TAMS 0x0000000708000000| PB 0x0000000708000000| Untracked 
|  20|0x0000000708200000, 0x0000000708200000, 0x0000000708400000|  0%| F|  |TAMS 0x0000000708200000| PB 0x0000000708200000| Untracked 
|  21|0x0000000708400000, 0x0000000708400000, 0x0000000708600000|  0%| F|  |TAMS 0x0000000708400000| PB 0x0000000708400000| Untracked 
|  22|0x0000000708600000, 0x0000000708600000, 0x0000000708800000|  0%| F|  |TAMS 0x0000000708600000| PB 0x0000000708600000| Untracked 
|  23|0x0000000708800000, 0x0000000708800000, 0x0000000708a00000|  0%| F|  |TAMS 0x0000000708800000| PB 0x0000000708800000| Untracked 
|  24|0x0000000708a00000, 0x0000000708a00000, 0x0000000708c00000|  0%| F|  |TAMS 0x0000000708a00000| PB 0x0000000708a00000| Untracked 
|  25|0x0000000708c00000, 0x0000000708c00000, 0x0000000708e00000|  0%| F|  |TAMS 0x0000000708c00000| PB 0x0000000708c00000| Untracked 
|  26|0x0000000708e00000, 0x0000000708e00000, 0x0000000709000000|  0%| F|  |TAMS 0x0000000708e00000| PB 0x0000000708e00000| Untracked 
|  27|0x0000000709000000, 0x0000000709000000, 0x0000000709200000|  0%| F|  |TAMS 0x0000000709000000| PB 0x0000000709000000| Untracked 
|  28|0x0000000709200000, 0x0000000709200000, 0x0000000709400000|  0%| F|  |TAMS 0x0000000709200000| PB 0x0000000709200000| Untracked 
|  29|0x0000000709400000, 0x0000000709400000, 0x0000000709600000|  0%| F|  |TAMS 0x0000000709400000| PB 0x0000000709400000| Untracked 
|  30|0x0000000709600000, 0x0000000709600000, 0x0000000709800000|  0%| F|  |TAMS 0x0000000709600000| PB 0x0000000709600000| Untracked 
|  31|0x0000000709800000, 0x0000000709800000, 0x0000000709a00000|  0%| F|  |TAMS 0x0000000709800000| PB 0x0000000709800000| Untracked 
|  32|0x0000000709a00000, 0x0000000709a00000, 0x0000000709c00000|  0%| F|  |TAMS 0x0000000709a00000| PB 0x0000000709a00000| Untracked 
|  33|0x0000000709c00000, 0x0000000709c00000, 0x0000000709e00000|  0%| F|  |TAMS 0x0000000709c00000| PB 0x0000000709c00000| Untracked 
|  34|0x0000000709e00000, 0x0000000709e00000, 0x000000070a000000|  0%| F|  |TAMS 0x0000000709e00000| PB 0x0000000709e00000| Untracked 
|  35|0x000000070a000000, 0x000000070a000000, 0x000000070a200000|  0%| F|  |TAMS 0x000000070a000000| PB 0x000000070a000000| Untracked 
|  36|0x000000070a200000, 0x000000070a200000, 0x000000070a400000|  0%| F|  |TAMS 0x000000070a200000| PB 0x000000070a200000| Untracked 
|  37|0x000000070a400000, 0x000000070a400000, 0x000000070a600000|  0%| F|  |TAMS 0x000000070a400000| PB 0x000000070a400000| Untracked 
|  38|0x000000070a600000, 0x000000070a600000, 0x000000070a800000|  0%| F|  |TAMS 0x000000070a600000| PB 0x000000070a600000| Untracked 
|  39|0x000000070a800000, 0x000000070a800000, 0x000000070aa00000|  0%| F|  |TAMS 0x000000070a800000| PB 0x000000070a800000| Untracked 
|  40|0x000000070aa00000, 0x000000070aa00000, 0x000000070ac00000|  0%| F|  |TAMS 0x000000070aa00000| PB 0x000000070aa00000| Untracked 
|  41|0x000000070ac00000, 0x000000070ac00000, 0x000000070ae00000|  0%| F|  |TAMS 0x000000070ac00000| PB 0x000000070ac00000| Untracked 
|  42|0x000000070ae00000, 0x000000070ae00000, 0x000000070b000000|  0%| F|  |TAMS 0x000000070ae00000| PB 0x000000070ae00000| Untracked 
|  43|0x000000070b000000, 0x000000070b000000, 0x000000070b200000|  0%| F|  |TAMS 0x000000070b000000| PB 0x000000070b000000| Untracked 
|  44|0x000000070b200000, 0x000000070b200000, 0x000000070b400000|  0%| F|  |TAMS 0x000000070b200000| PB 0x000000070b200000| Untracked 
|  45|0x000000070b400000, 0x000000070b400000, 0x000000070b600000|  0%| F|  |TAMS 0x000000070b400000| PB 0x000000070b400000| Untracked 
|  46|0x000000070b600000, 0x000000070b600000, 0x000000070b800000|  0%| F|  |TAMS 0x000000070b600000| PB 0x000000070b600000| Untracked 
|  47|0x000000070b800000, 0x000000070b800000, 0x000000070ba00000|  0%| F|  |TAMS 0x000000070b800000| PB 0x000000070b800000| Untracked 
|  48|0x000000070ba00000, 0x000000070ba00000, 0x000000070bc00000|  0%| F|  |TAMS 0x000000070ba00000| PB 0x000000070ba00000| Untracked 
|  49|0x000000070bc00000, 0x000000070bc00000, 0x000000070be00000|  0%| F|  |TAMS 0x000000070bc00000| PB 0x000000070bc00000| Untracked 
|  50|0x000000070be00000, 0x000000070be00000, 0x000000070c000000|  0%| F|  |TAMS 0x000000070be00000| PB 0x000000070be00000| Untracked 
|  51|0x000000070c000000, 0x000000070c000000, 0x000000070c200000|  0%| F|  |TAMS 0x000000070c000000| PB 0x000000070c000000| Untracked 
|  52|0x000000070c200000, 0x000000070c200000, 0x000000070c400000|  0%| F|  |TAMS 0x000000070c200000| PB 0x000000070c200000| Untracked 
|  53|0x000000070c400000, 0x000000070c400000, 0x000000070c600000|  0%| F|  |TAMS 0x000000070c400000| PB 0x000000070c400000| Untracked 
|  54|0x000000070c600000, 0x000000070c600000, 0x000000070c800000|  0%| F|  |TAMS 0x000000070c600000| PB 0x000000070c600000| Untracked 
|  55|0x000000070c800000, 0x000000070c800000, 0x000000070ca00000|  0%| F|  |TAMS 0x000000070c800000| PB 0x000000070c800000| Untracked 
|  56|0x000000070ca00000, 0x000000070ca00000, 0x000000070cc00000|  0%| F|  |TAMS 0x000000070ca00000| PB 0x000000070ca00000| Untracked 
|  57|0x000000070cc00000, 0x000000070cc00000, 0x000000070ce00000|  0%| F|  |TAMS 0x000000070cc00000| PB 0x000000070cc00000| Untracked 
|  58|0x000000070ce00000, 0x000000070ce00000, 0x000000070d000000|  0%| F|  |TAMS 0x000000070ce00000| PB 0x000000070ce00000| Untracked 
|  59|0x000000070d000000, 0x000000070d000000, 0x000000070d200000|  0%| F|  |TAMS 0x000000070d000000| PB 0x000000070d000000| Untracked 
|  60|0x000000070d200000, 0x000000070d200000, 0x000000070d400000|  0%| F|  |TAMS 0x000000070d200000| PB 0x000000070d200000| Untracked 
|  61|0x000000070d400000, 0x000000070d400000, 0x000000070d600000|  0%| F|  |TAMS 0x000000070d400000| PB 0x000000070d400000| Untracked 
|  62|0x000000070d600000, 0x000000070d600000, 0x000000070d800000|  0%| F|  |TAMS 0x000000070d600000| PB 0x000000070d600000| Untracked 
|  63|0x000000070d800000, 0x000000070d800000, 0x000000070da00000|  0%| F|  |TAMS 0x000000070d800000| PB 0x000000070d800000| Untracked 
|  64|0x000000070da00000, 0x000000070da00000, 0x000000070dc00000|  0%| F|  |TAMS 0x000000070da00000| PB 0x000000070da00000| Untracked 
|  65|0x000000070dc00000, 0x000000070dc00000, 0x000000070de00000|  0%| F|  |TAMS 0x000000070dc00000| PB 0x000000070dc00000| Untracked 
|  66|0x000000070de00000, 0x000000070de00000, 0x000000070e000000|  0%| F|  |TAMS 0x000000070de00000| PB 0x000000070de00000| Untracked 
|  67|0x000000070e000000, 0x000000070e000000, 0x000000070e200000|  0%| F|  |TAMS 0x000000070e000000| PB 0x000000070e000000| Untracked 
|  68|0x000000070e200000, 0x000000070e200000, 0x000000070e400000|  0%| F|  |TAMS 0x000000070e200000| PB 0x000000070e200000| Untracked 
|  69|0x000000070e400000, 0x000000070e400000, 0x000000070e600000|  0%| F|  |TAMS 0x000000070e400000| PB 0x000000070e400000| Untracked 
|  70|0x000000070e600000, 0x000000070e600000, 0x000000070e800000|  0%| F|  |TAMS 0x000000070e600000| PB 0x000000070e600000| Untracked 
|  71|0x000000070e800000, 0x000000070e800000, 0x000000070ea00000|  0%| F|  |TAMS 0x000000070e800000| PB 0x000000070e800000| Untracked 
|  72|0x000000070ea00000, 0x000000070ea00000, 0x000000070ec00000|  0%| F|  |TAMS 0x000000070ea00000| PB 0x000000070ea00000| Untracked 
|  73|0x000000070ec00000, 0x000000070ec00000, 0x000000070ee00000|  0%| F|  |TAMS 0x000000070ec00000| PB 0x000000070ec00000| Untracked 
|  74|0x000000070ee00000, 0x000000070ee00000, 0x000000070f000000|  0%| F|  |TAMS 0x000000070ee00000| PB 0x000000070ee00000| Untracked 
|  75|0x000000070f000000, 0x000000070f000000, 0x000000070f200000|  0%| F|  |TAMS 0x000000070f000000| PB 0x000000070f000000| Untracked 
|  76|0x000000070f200000, 0x000000070f200000, 0x000000070f400000|  0%| F|  |TAMS 0x000000070f200000| PB 0x000000070f200000| Untracked 
|  77|0x000000070f400000, 0x000000070f400000, 0x000000070f600000|  0%| F|  |TAMS 0x000000070f400000| PB 0x000000070f400000| Untracked 
|  78|0x000000070f600000, 0x000000070f600000, 0x000000070f800000|  0%| F|  |TAMS 0x000000070f600000| PB 0x000000070f600000| Untracked 
|  79|0x000000070f800000, 0x000000070f800000, 0x000000070fa00000|  0%| F|  |TAMS 0x000000070f800000| PB 0x000000070f800000| Untracked 
|  80|0x000000070fa00000, 0x000000070fa00000, 0x000000070fc00000|  0%| F|  |TAMS 0x000000070fa00000| PB 0x000000070fa00000| Untracked 
|  81|0x000000070fc00000, 0x000000070fc00000, 0x000000070fe00000|  0%| F|  |TAMS 0x000000070fc00000| PB 0x000000070fc00000| Untracked 
|  82|0x000000070fe00000, 0x000000070fe00000, 0x0000000710000000|  0%| F|  |TAMS 0x000000070fe00000| PB 0x000000070fe00000| Untracked 
|  83|0x0000000710000000, 0x0000000710000000, 0x0000000710200000|  0%| F|  |TAMS 0x0000000710000000| PB 0x0000000710000000| Untracked 
|  84|0x0000000710200000, 0x0000000710200000, 0x0000000710400000|  0%| F|  |TAMS 0x0000000710200000| PB 0x0000000710200000| Untracked 
|  85|0x0000000710400000, 0x0000000710400000, 0x0000000710600000|  0%| F|  |TAMS 0x0000000710400000| PB 0x0000000710400000| Untracked 
|  86|0x0000000710600000, 0x0000000710600000, 0x0000000710800000|  0%| F|  |TAMS 0x0000000710600000| PB 0x0000000710600000| Untracked 
|  87|0x0000000710800000, 0x0000000710800000, 0x0000000710a00000|  0%| F|  |TAMS 0x0000000710800000| PB 0x0000000710800000| Untracked 
|  88|0x0000000710a00000, 0x0000000710a00000, 0x0000000710c00000|  0%| F|  |TAMS 0x0000000710a00000| PB 0x0000000710a00000| Untracked 
|  89|0x0000000710c00000, 0x0000000710c00000, 0x0000000710e00000|  0%| F|  |TAMS 0x0000000710c00000| PB 0x0000000710c00000| Untracked 
|  90|0x0000000710e00000, 0x0000000710e00000, 0x0000000711000000|  0%| F|  |TAMS 0x0000000710e00000| PB 0x0000000710e00000| Untracked 
|  91|0x0000000711000000, 0x0000000711000000, 0x0000000711200000|  0%| F|  |TAMS 0x0000000711000000| PB 0x0000000711000000| Untracked 
|  92|0x0000000711200000, 0x0000000711200000, 0x0000000711400000|  0%| F|  |TAMS 0x0000000711200000| PB 0x0000000711200000| Untracked 
|  93|0x0000000711400000, 0x0000000711400000, 0x0000000711600000|  0%| F|  |TAMS 0x0000000711400000| PB 0x0000000711400000| Untracked 
|  94|0x0000000711600000, 0x0000000711600000, 0x0000000711800000|  0%| F|  |TAMS 0x0000000711600000| PB 0x0000000711600000| Untracked 
|  95|0x0000000711800000, 0x0000000711800000, 0x0000000711a00000|  0%| F|  |TAMS 0x0000000711800000| PB 0x0000000711800000| Untracked 
|  96|0x0000000711a00000, 0x0000000711a00000, 0x0000000711c00000|  0%| F|  |TAMS 0x0000000711a00000| PB 0x0000000711a00000| Untracked 
|  97|0x0000000711c00000, 0x0000000711c00000, 0x0000000711e00000|  0%| F|  |TAMS 0x0000000711c00000| PB 0x0000000711c00000| Untracked 
|  98|0x0000000711e00000, 0x0000000711e00000, 0x0000000712000000|  0%| F|  |TAMS 0x0000000711e00000| PB 0x0000000711e00000| Untracked 
|  99|0x0000000712000000, 0x0000000712000000, 0x0000000712200000|  0%| F|  |TAMS 0x0000000712000000| PB 0x0000000712000000| Untracked 
| 100|0x0000000712200000, 0x0000000712200000, 0x0000000712400000|  0%| F|  |TAMS 0x0000000712200000| PB 0x0000000712200000| Untracked 
| 101|0x0000000712400000, 0x0000000712400000, 0x0000000712600000|  0%| F|  |TAMS 0x0000000712400000| PB 0x0000000712400000| Untracked 
| 102|0x0000000712600000, 0x0000000712600000, 0x0000000712800000|  0%| F|  |TAMS 0x0000000712600000| PB 0x0000000712600000| Untracked 
| 103|0x0000000712800000, 0x0000000712800000, 0x0000000712a00000|  0%| F|  |TAMS 0x0000000712800000| PB 0x0000000712800000| Untracked 
| 104|0x0000000712a00000, 0x0000000712a00000, 0x0000000712c00000|  0%| F|  |TAMS 0x0000000712a00000| PB 0x0000000712a00000| Untracked 
| 105|0x0000000712c00000, 0x0000000712c00000, 0x0000000712e00000|  0%| F|  |TAMS 0x0000000712c00000| PB 0x0000000712c00000| Untracked 
| 106|0x0000000712e00000, 0x0000000712e00000, 0x0000000713000000|  0%| F|  |TAMS 0x0000000712e00000| PB 0x0000000712e00000| Untracked 
| 107|0x0000000713000000, 0x0000000713000000, 0x0000000713200000|  0%| F|  |TAMS 0x0000000713000000| PB 0x0000000713000000| Untracked 
| 108|0x0000000713200000, 0x0000000713200000, 0x0000000713400000|  0%| F|  |TAMS 0x0000000713200000| PB 0x0000000713200000| Untracked 
| 109|0x0000000713400000, 0x0000000713400000, 0x0000000713600000|  0%| F|  |TAMS 0x0000000713400000| PB 0x0000000713400000| Untracked 
| 110|0x0000000713600000, 0x0000000713600000, 0x0000000713800000|  0%| F|  |TAMS 0x0000000713600000| PB 0x0000000713600000| Untracked 
| 111|0x0000000713800000, 0x0000000713800000, 0x0000000713a00000|  0%| F|  |TAMS 0x0000000713800000| PB 0x0000000713800000| Untracked 
| 112|0x0000000713a00000, 0x0000000713a00000, 0x0000000713c00000|  0%| F|  |TAMS 0x0000000713a00000| PB 0x0000000713a00000| Untracked 
| 113|0x0000000713c00000, 0x0000000713e00000, 0x0000000713e00000|100%| S|CS|TAMS 0x0000000713c00000| PB 0x0000000713c00000| Complete 
| 114|0x0000000713e00000, 0x0000000714000000, 0x0000000714000000|100%| S|CS|TAMS 0x0000000713e00000| PB 0x0000000713e00000| Complete 
| 115|0x0000000714000000, 0x0000000714000000, 0x0000000714200000|  0%| F|  |TAMS 0x0000000714000000| PB 0x0000000714000000| Untracked 
| 116|0x0000000714200000, 0x0000000714200000, 0x0000000714400000|  0%| F|  |TAMS 0x0000000714200000| PB 0x0000000714200000| Untracked 
| 117|0x0000000714400000, 0x00000007145e7f68, 0x0000000714600000| 95%| E|  |TAMS 0x0000000714400000| PB 0x0000000714400000| Complete 
| 118|0x0000000714600000, 0x0000000714800000, 0x0000000714800000|100%| E|CS|TAMS 0x0000000714600000| PB 0x0000000714600000| Complete 
| 119|0x0000000714800000, 0x0000000714a00000, 0x0000000714a00000|100%| E|CS|TAMS 0x0000000714800000| PB 0x0000000714800000| Complete 
| 120|0x0000000714a00000, 0x0000000714c00000, 0x0000000714c00000|100%| E|CS|TAMS 0x0000000714a00000| PB 0x0000000714a00000| Complete 
| 121|0x0000000714c00000, 0x0000000714e00000, 0x0000000714e00000|100%| E|CS|TAMS 0x0000000714c00000| PB 0x0000000714c00000| Complete 
| 122|0x0000000714e00000, 0x0000000715000000, 0x0000000715000000|100%| E|CS|TAMS 0x0000000714e00000| PB 0x0000000714e00000| Complete 
| 123|0x0000000715000000, 0x0000000715200000, 0x0000000715200000|100%| E|CS|TAMS 0x0000000715000000| PB 0x0000000715000000| Complete 
| 124|0x0000000715200000, 0x0000000715400000, 0x0000000715400000|100%| E|CS|TAMS 0x0000000715200000| PB 0x0000000715200000| Complete 
| 125|0x0000000715400000, 0x0000000715600000, 0x0000000715600000|100%| E|CS|TAMS 0x0000000715400000| PB 0x0000000715400000| Complete 

Card table byte_map: [0x00000275b3780000,0x00000275b3f60000] _byte_map_base: 0x00000275aff53000

Marking Bits: (CMBitMap*) 0x00000275a012bb60
 Bits: [0x00000275b3f60000, 0x00000275b7df8000)

Polling page: 0x000002759e040000

Metaspace:

Usage:
  Non-class:     11.09 MB used.
      Class:      1.54 MB used.
       Both:     12.63 MB used.

Virtual space:
  Non-class space:       64.00 MB reserved,      11.31 MB ( 18%) committed,  1 nodes.
      Class space:        1.00 GB reserved,       1.69 MB ( <1%) committed,  1 nodes.
             Both:        1.06 GB reserved,      13.00 MB (  1%) committed. 

Chunk freelists:
   Non-Class:  4.59 MB
       Class:  14.22 MB
        Both:  18.81 MB

MaxMetaspaceSize: unlimited
CompressedClassSpaceSize: 1.00 GB
Initial GC threshold: 21.00 MB
Current GC threshold: 21.00 MB
CDS: on
 - commit_granule_bytes: 65536.
 - commit_granule_words: 8192.
 - virtual_space_node_default_size: 8388608.
 - enlarge_chunks_in_place: 1.
 - use_allocation_guard: 0.


Internal statistics:

num_allocs_failed_limit: 0.
num_arena_births: 340.
num_arena_deaths: 0.
num_vsnodes_births: 2.
num_vsnodes_deaths: 0.
num_space_committed: 208.
num_space_uncommitted: 0.
num_chunks_returned_to_freelist: 0.
num_chunks_taken_from_freelist: 658.
num_chunk_merges: 0.
num_chunk_splits: 389.
num_chunks_enlarged: 229.
num_inconsistent_stats: 0.

CodeHeap 'non-profiled nmethods': size=120000Kb used=601Kb max_used=601Kb free=119398Kb
 bounds [0x00000275ab520000, 0x00000275ab790000, 0x00000275b2a50000]
CodeHeap 'profiled nmethods': size=120000Kb used=3421Kb max_used=3421Kb free=116578Kb
 bounds [0x00000275a3a50000, 0x00000275a3db0000, 0x00000275aaf80000]
CodeHeap 'non-nmethods': size=5760Kb used=1392Kb max_used=1407Kb free=4367Kb
 bounds [0x00000275aaf80000, 0x00000275ab1f0000, 0x00000275ab520000]
CodeCache: size=245760Kb, used=5414Kb, max_used=5429Kb, free=240343Kb
 total_blobs=2374, nmethods=1828, adapters=450, full_count=0
Compilation: enabled, stopped_count=0, restarted_count=0

Compilation events (20 events):
Event: 6.731 Thread 0x00000275baabc900 1819       3       java.util.Collections$UnmodifiableMap::get (11 bytes)
Event: 6.732 Thread 0x00000275baabc900 nmethod 1819 0x00000275a3da1b90 code [0x00000275a3da1d40, 0x00000275a3da1f20]
Event: 6.732 Thread 0x00000275baabc900 1820       3       java.util.ImmutableCollections$MapN$MapNIterator::nextIndex (56 bytes)
Event: 6.732 Thread 0x00000275baabc900 nmethod 1820 0x00000275a3da2010 code [0x00000275a3da21c0, 0x00000275a3da2348]
Event: 6.732 Thread 0x00000275baabc900 1821       3       java.util.TreeMap::successor (66 bytes)
Event: 6.733 Thread 0x00000275baabc900 nmethod 1821 0x00000275a3da2410 code [0x00000275a3da25e0, 0x00000275a3da2928]
Event: 6.733 Thread 0x00000275baabc900 1823       3       java.util.ImmutableCollections$SetN::<init> (90 bytes)
Event: 6.733 Thread 0x00000275baabc900 nmethod 1823 0x00000275a3da2a90 code [0x00000275a3da2d40, 0x00000275a3da3a70]
Event: 6.733 Thread 0x00000275baabc900 1822       3       org.openqa.selenium.SharedCapabilitiesMethods$$Lambda/0x00000275bc1c71b8::compare (12 bytes)
Event: 6.734 Thread 0x00000275baabc900 nmethod 1822 0x00000275a3da3f10 code [0x00000275a3da40e0, 0x00000275a3da4410]
Event: 6.735 Thread 0x00000275baabc900 1824       3       java.util.stream.Sink::end (1 bytes)
Event: 6.735 Thread 0x00000275baabc900 nmethod 1824 0x00000275a3da4510 code [0x00000275a3da46a0, 0x00000275a3da47a8]
Event: 6.735 Thread 0x00000275baabc900 1825       3       java.util.stream.AbstractPipeline::sourceSpliterator (265 bytes)
Event: 6.736 Thread 0x00000275baabc900 nmethod 1825 0x00000275a3da4810 code [0x00000275a3da4ac0, 0x00000275a3da5a88]
Event: 6.737 Thread 0x00000275baabc900 1827       3       java.net.URI$Parser::scan (41 bytes)
Event: 6.737 Thread 0x00000275baabc900 nmethod 1827 0x00000275a3da5f90 code [0x00000275a3da61c0, 0x00000275a3da6910]
Event: 6.738 Thread 0x00000275baabc900 1828       1       java.util.TreeMap::size (5 bytes)
Event: 6.738 Thread 0x00000275baabc900 nmethod 1828 0x00000275ab5b6490 code [0x00000275ab5b6620, 0x00000275ab5b66e8]
Event: 6.738 Thread 0x00000275baabc900 1829       3       jdk.internal.misc.Unsafe::weakCompareAndSetLong (11 bytes)
Event: 6.738 Thread 0x00000275baabc900 nmethod 1829 0x00000275a3da6c90 code [0x00000275a3da6e20, 0x00000275a3da6f48]

GC Heap History (2 events):
Event: 0.919 GC heap before
{Heap before GC invocations=0 (full 0):
 garbage-first heap   total 258048K, used 20480K [0x0000000705a00000, 0x0000000800000000)
  region size 2048K, 11 young (22528K), 0 survivors (0K)
 Metaspace       used 6454K, committed 6720K, reserved 1114112K
  class space    used 728K, committed 832K, reserved 1048576K
}
Event: 0.925 GC heap after
{Heap after GC invocations=1 (full 0):
 garbage-first heap   total 258048K, used 8150K [0x0000000705a00000, 0x0000000800000000)
  region size 2048K, 2 young (4096K), 2 survivors (4096K)
 Metaspace       used 6454K, committed 6720K, reserved 1114112K
  class space    used 728K, committed 832K, reserved 1048576K
}

Dll operation events (8 events):
Event: 0.012 Loaded shared library C:\Users\annie\.p2\pool\plugins\org.eclipse.justj.openjdk.hotspot.jre.full.win32.x86_64_21.0.9.v20251105-0741\jre\bin\java.dll
Event: 0.064 Loaded shared library C:\Users\annie\.p2\pool\plugins\org.eclipse.justj.openjdk.hotspot.jre.full.win32.x86_64_21.0.9.v20251105-0741\jre\bin\zip.dll
Event: 0.136 Loaded shared library C:\Users\annie\.p2\pool\plugins\org.eclipse.justj.openjdk.hotspot.jre.full.win32.x86_64_21.0.9.v20251105-0741\jre\bin\net.dll
Event: 0.141 Loaded shared library C:\Users\annie\.p2\pool\plugins\org.eclipse.justj.openjdk.hotspot.jre.full.win32.x86_64_21.0.9.v20251105-0741\jre\bin\nio.dll
Event: 0.145 Loaded shared library C:\Users\annie\.p2\pool\plugins\org.eclipse.justj.openjdk.hotspot.jre.full.win32.x86_64_21.0.9.v20251105-0741\jre\bin\zip.dll
Event: 0.239 Loaded shared library C:\Users\annie\.p2\pool\plugins\org.eclipse.justj.openjdk.hotspot.jre.full.win32.x86_64_21.0.9.v20251105-0741\jre\bin\jimage.dll
Event: 0.318 Loaded shared library C:\Users\annie\.p2\pool\plugins\org.eclipse.justj.openjdk.hotspot.jre.full.win32.x86_64_21.0.9.v20251105-0741\jre\bin\extnet.dll
Event: 0.986 Loaded shared library C:\Users\annie\.p2\pool\plugins\org.eclipse.justj.openjdk.hotspot.jre.full.win32.x86_64_21.0.9.v20251105-0741\jre\bin\sunmscapi.dll

Deoptimization events (20 events):
Event: 0.896 Thread 0x00000275a00c2fe0 DEOPT PACKING pc=0x00000275a3beac8b sp=0x0000009d167fd0c0
Event: 0.896 Thread 0x00000275a00c2fe0 DEOPT UNPACKING pc=0x00000275aafd4bc2 sp=0x0000009d167fc538 mode 0
Event: 0.990 Thread 0x00000275a00c2fe0 Uncommon trap: trap_request=0xffffff45 fr.pc=0x00000275ab575d10 relative=0x00000000000001d0
Event: 0.990 Thread 0x00000275a00c2fe0 Uncommon trap: reason=unstable_if action=reinterpret pc=0x00000275ab575d10 method=java.util.HashMap.putVal(ILjava/lang/Object;Ljava/lang/Object;ZZ)Ljava/lang/Object; @ 162 c2
Event: 0.990 Thread 0x00000275a00c2fe0 DEOPT PACKING pc=0x00000275ab575d10 sp=0x0000009d167fc640
Event: 0.990 Thread 0x00000275a00c2fe0 DEOPT UNPACKING pc=0x00000275aafd4422 sp=0x0000009d167fc5e0 mode 2
Event: 1.044 Thread 0x00000275a00c2fe0 Uncommon trap: trap_request=0xffffffde fr.pc=0x00000275ab5497d8 relative=0x00000000000002f8
Event: 1.044 Thread 0x00000275a00c2fe0 Uncommon trap: reason=class_check action=maybe_recompile pc=0x00000275ab5497d8 method=java.util.regex.Pattern$BmpCharPropertyGreedy.match(Ljava/util/regex/Matcher;ILjava/lang/CharSequence;)Z @ 26 c2
Event: 1.044 Thread 0x00000275a00c2fe0 DEOPT PACKING pc=0x00000275ab5497d8 sp=0x0000009d167fdfc0
Event: 1.044 Thread 0x00000275a00c2fe0 DEOPT UNPACKING pc=0x00000275aafd4422 sp=0x0000009d167fdf78 mode 2
Event: 1.044 Thread 0x00000275a00c2fe0 Uncommon trap: trap_request=0xffffffde fr.pc=0x00000275ab5497d8 relative=0x00000000000002f8
Event: 1.044 Thread 0x00000275a00c2fe0 Uncommon trap: reason=class_check action=maybe_recompile pc=0x00000275ab5497d8 method=java.util.regex.Pattern$BmpCharPropertyGreedy.match(Ljava/util/regex/Matcher;ILjava/lang/CharSequence;)Z @ 26 c2
Event: 1.044 Thread 0x00000275a00c2fe0 DEOPT PACKING pc=0x00000275ab5497d8 sp=0x0000009d167fdfc0
Event: 1.044 Thread 0x00000275a00c2fe0 DEOPT UNPACKING pc=0x00000275aafd4422 sp=0x0000009d167fdf78 mode 2
Event: 1.066 Thread 0x00000275bae9c640 Uncommon trap: trap_request=0xffffffde fr.pc=0x00000275ab5497d8 relative=0x00000000000002f8
Event: 1.066 Thread 0x00000275bae9c640 Uncommon trap: reason=class_check action=maybe_recompile pc=0x00000275ab5497d8 method=java.util.regex.Pattern$BmpCharPropertyGreedy.match(Ljava/util/regex/Matcher;ILjava/lang/CharSequence;)Z @ 26 c2
Event: 1.066 Thread 0x00000275bae9c640 DEOPT PACKING pc=0x00000275ab5497d8 sp=0x0000009d188fe840
Event: 1.066 Thread 0x00000275bae9c640 DEOPT UNPACKING pc=0x00000275aafd4422 sp=0x0000009d188fe7d8 mode 2
Event: 6.701 Thread 0x00000275a00c2fe0 DEOPT PACKING pc=0x00000275a3a8f579 sp=0x0000009d167fd1f0
Event: 6.701 Thread 0x00000275a00c2fe0 DEOPT UNPACKING pc=0x00000275aafd4bc2 sp=0x0000009d167fc660 mode 0

Classes loaded (20 events):
Event: 6.547 Loading class jdk/internal/access/JavaUtilCollectionAccess done
Event: 6.547 Loading class java/util/ImmutableCollections$Access$1 done
Event: 6.641 Loading class java/util/LinkedList$DescendingIterator
Event: 6.641 Loading class java/util/LinkedList$DescendingIterator done
Event: 6.646 Loading class java/util/concurrent/locks/ReadWriteLock
Event: 6.646 Loading class java/util/concurrent/locks/ReadWriteLock done
Event: 6.648 Loading class java/util/concurrent/locks/ReentrantReadWriteLock
Event: 6.648 Loading class java/util/concurrent/locks/ReentrantReadWriteLock done
Event: 6.648 Loading class java/util/concurrent/locks/ReentrantReadWriteLock$FairSync
Event: 6.648 Loading class java/util/concurrent/locks/ReentrantReadWriteLock$Sync
Event: 6.648 Loading class java/util/concurrent/locks/ReentrantReadWriteLock$Sync done
Event: 6.648 Loading class java/util/concurrent/locks/ReentrantReadWriteLock$FairSync done
Event: 6.648 Loading class java/util/concurrent/locks/ReentrantReadWriteLock$Sync$ThreadLocalHoldCounter
Event: 6.648 Loading class java/util/concurrent/locks/ReentrantReadWriteLock$Sync$ThreadLocalHoldCounter done
Event: 6.648 Loading class java/util/concurrent/locks/ReentrantReadWriteLock$ReadLock
Event: 6.648 Loading class java/util/concurrent/locks/ReentrantReadWriteLock$ReadLock done
Event: 6.648 Loading class java/util/concurrent/locks/ReentrantReadWriteLock$WriteLock
Event: 6.648 Loading class java/util/concurrent/locks/ReentrantReadWriteLock$WriteLock done
Event: 6.666 Loading class sun/net/www/HeaderParser
Event: 6.666 Loading class sun/net/www/HeaderParser done

Classes unloaded (0 events):
No events

Classes redefined (0 events):
No events

Internal exceptions (20 events):
Event: 0.862 Thread 0x00000275a00c2fe0 Exception <a 'java/lang/NoSuchMethodError'{0x00000007144c1b68}: 'void java.lang.invoke.DirectMethodHandle$Holder.invokeVirtual(java.lang.Object, java.lang.Object)'> (0x00000007144c1b68) 
thrown [s\src\hotspot\share\interpreter\linkResolver.cpp, line 773]
Event: 0.935 Thread 0x00000275a00c2fe0 Exception <a 'java/lang/NoSuchMethodError'{0x000000071545b140}: 'java.lang.Object java.lang.invoke.DirectMethodHandle$Holder.invokeStaticInit(java.lang.Object, int, int, int, int)'> (0x000000071545b140) 
thrown [s\src\hotspot\share\interpreter\linkResolver.cpp, line 773]
Event: 0.954 Thread 0x00000275a00c2fe0 Exception <a 'java/lang/NoSuchMethodError'{0x0000000715505b38}: 'java.lang.Object java.lang.invoke.DirectMethodHandle$Holder.invokeStaticInit(java.lang.Object, java.lang.Object, int, int, int, int)'> (0x0000000715505b38) 
thrown [s\src\hotspot\share\interpreter\linkResolver.cpp, line 773]
Event: 1.042 Thread 0x00000275a00c2fe0 Exception <a 'java/lang/NoSuchMethodError'{0x00000007153514c0}: 'java.lang.Object java.lang.invoke.DirectMethodHandle$Holder.invokeInterface(java.lang.Object, java.lang.Object, java.lang.Object)'> (0x00000007153514c0) 
thrown [s\src\hotspot\share\interpreter\linkResolver.cpp, line 773]
Event: 1.042 Thread 0x00000275a00c2fe0 Exception <a 'java/lang/IncompatibleClassChangeError'{0x0000000715354b88}: Found class java.lang.Object, but interface was expected> (0x0000000715354b88) 
thrown [s\src\hotspot\share\interpreter\linkResolver.cpp, line 840]
Event: 1.043 Thread 0x00000275a00c2fe0 Exception <a 'java/lang/NoSuchMethodError'{0x000000071535c0f8}: 'int java.lang.invoke.DirectMethodHandle$Holder.invokeSpecialIFC(java.lang.Object, java.lang.Object, java.lang.Object, java.lang.Object)'> (0x000000071535c0f8) 
thrown [s\src\hotspot\share\interpreter\linkResolver.cpp, line 773]
Event: 1.046 Thread 0x00000275a00c2fe0 Exception <a 'java/lang/NoSuchMethodError'{0x000000071537da78}: 'java.lang.Object java.lang.invoke.DirectMethodHandle$Holder.invokeVirtual(java.lang.Object, java.lang.Object, java.lang.Object, java.lang.Object)'> (0x000000071537da78) 
thrown [s\src\hotspot\share\interpreter\linkResolver.cpp, line 773]
Event: 1.072 Thread 0x00000275bae9c640 Exception <a 'java/net/ConnectException'{0x000000071500adf0}: Connection refused: getsockopt> (0x000000071500adf0) 
thrown [s\src\hotspot\share\prims\jni.cpp, line 539]
Event: 1.098 Thread 0x00000275bae9c640 Exception <a 'java/net/ConnectException'{0x000000071500bf48}: Connection refused: getsockopt> (0x000000071500bf48) 
thrown [s\src\hotspot\share\prims\jni.cpp, line 539]
Event: 1.160 Thread 0x00000275a00c2fe0 Exception <a 'java/lang/NoSuchMethodError'{0x0000000715049748}: 'void java.lang.invoke.DirectMethodHandle$Holder.invokeStatic(java.lang.Object, java.lang.Object, java.lang.Object)'> (0x0000000715049748) 
thrown [s\src\hotspot\share\interpreter\linkResolver.cpp, line 773]
Event: 1.198 Thread 0x00000275a00c2fe0 Exception <a 'java/lang/NoSuchMethodError'{0x00000007150bba18}: 'java.lang.Object java.lang.invoke.DirectMethodHandle$Holder.newInvokeSpecial(java.lang.Object, java.lang.Object, int, int)'> (0x00000007150bba18) 
thrown [s\src\hotspot\share\interpreter\linkResolver.cpp, line 773]
Event: 1.199 Thread 0x00000275a00c2fe0 Exception <a 'java/lang/NoSuchMethodError'{0x00000007150c6258}: 'void java.lang.invoke.DirectMethodHandle$Holder.invokeStatic(java.lang.Object, java.lang.Object, int)'> (0x00000007150c6258) 
thrown [s\src\hotspot\share\interpreter\linkResolver.cpp, line 773]
Event: 1.227 Thread 0x0000027580c44480 Exception <a 'java/lang/NoSuchMethodError'{0x0000000714e14a48}: 'java.lang.Object java.lang.invoke.DirectMethodHandle$Holder.newInvokeSpecial(java.lang.Object, java.lang.Object, java.lang.Object, java.lang.Object, java.lang.Object)'> (0x0000000714e14a48) 
thrown [s\src\hotspot\share\interpreter\linkResolver.cpp, line 773]
Event: 1.245 Thread 0x0000027580c44480 Exception <a 'java/lang/NoSuchMethodError'{0x0000000714f719c8}: 'java.lang.Object java.lang.invoke.DirectMethodHandle$Holder.invokeSpecial(java.lang.Object, java.lang.Object, java.lang.Object, java.lang.Object, int)'> (0x0000000714f719c8) 
thrown [s\src\hotspot\share\interpreter\linkResolver.cpp, line 773]
Event: 1.245 Thread 0x0000027580c44480 Exception <a 'java/lang/NoSuchMethodError'{0x0000000714f75330}: 'java.lang.Object java.lang.invoke.Invokers$Holder.linkToTargetMethod(java.lang.Object, java.lang.Object, int, java.lang.Object)'> (0x0000000714f75330) 
thrown [s\src\hotspot\share\interpreter\linkResolver.cpp, line 773]
Event: 1.255 Thread 0x0000027580c44480 Exception <a 'java/lang/NoSuchMethodError'{0x0000000714fe8af0}: 'void java.lang.invoke.DirectMethodHandle$Holder.invokeSpecial(java.lang.Object, java.lang.Object, java.lang.Object)'> (0x0000000714fe8af0) 
thrown [s\src\hotspot\share\interpreter\linkResolver.cpp, line 773]
Event: 1.264 Thread 0x0000027580c44480 Exception <a 'java/lang/NoSuchMethodError'{0x0000000714c8eb88}: 'void java.lang.invoke.DirectMethodHandle$Holder.invokeSpecial(java.lang.Object, java.lang.Object, java.lang.Object, java.lang.Object, java.lang.Object)'> (0x0000000714c8eb88) 
thrown [s\src\hotspot\share\interpreter\linkResolver.cpp, line 773]
Event: 6.274 Thread 0x0000027580645200 Exception <a 'java/lang/NoSuchMethodError'{0x0000000714a4d988}: 'void java.lang.invoke.DirectMethodHandle$Holder.invokeSpecial(java.lang.Object, java.lang.Object, java.lang.Object, java.lang.Object, java.lang.Object, java.lang.Object, java.lang.Object)'> (0x0000000714a4d988) 
thrown [s\src\hotspot\share\interpreter\linkResolver.cpp, line 773]
Event: 6.522 Thread 0x00000275a00c2fe0 Exception <a 'java/lang/NoSuchMethodError'{0x000000071495c908}: 'java.lang.Object java.lang.invoke.DirectMethodHandle$Holder.invokeSpecialIFC(java.lang.Object, java.lang.Object, java.lang.Object)'> (0x000000071495c908) 
thrown [s\src\hotspot\share\interpreter\linkResolver.cpp, line 773]
Event: 6.723 Thread 0x00000275a00c2fe0 Exception <a 'java/lang/NoSuchMethodError'{0x000000071457c598}: 'java.lang.Object java.lang.invoke.DirectMethodHandle$Holder.invokeVirtual(java.lang.Object, java.lang.Object, java.lang.Object)'> (0x000000071457c598) 
thrown [s\src\hotspot\share\interpreter\linkResolver.cpp, line 773]

ZGC Phase Switch (0 events):
No events

VM Operations (20 events):
Event: 0.789 Executing VM operation: HandshakeAllThreads (Deoptimize)
Event: 0.789 Executing VM operation: HandshakeAllThreads (Deoptimize) done
Event: 0.919 Executing VM operation: G1CollectForAllocation (G1 Evacuation Pause)
Event: 0.926 Executing VM operation: G1CollectForAllocation (G1 Evacuation Pause) done
Event: 1.059 Executing VM operation: HandshakeAllThreads (Deoptimize)
Event: 1.059 Executing VM operation: HandshakeAllThreads (Deoptimize) done
Event: 1.137 Executing VM operation: HandshakeAllThreads (Deoptimize)
Event: 1.137 Executing VM operation: HandshakeAllThreads (Deoptimize) done
Event: 2.140 Executing VM operation: Cleanup
Event: 2.140 Executing VM operation: Cleanup done
Event: 6.240 Executing VM operation: HandshakeAllThreads (Deoptimize)
Event: 6.240 Executing VM operation: HandshakeAllThreads (Deoptimize) done
Event: 6.240 Executing VM operation: Cleanup
Event: 6.240 Executing VM operation: Cleanup done
Event: 6.245 Executing VM operation: HandshakeAllThreads (Deoptimize)
Event: 6.245 Executing VM operation: HandshakeAllThreads (Deoptimize) done
Event: 6.734 Executing VM operation: HandshakeAllThreads (Deoptimize)
Event: 6.734 Executing VM operation: HandshakeAllThreads (Deoptimize) done
Event: 7.735 Executing VM operation: Cleanup
Event: 7.735 Executing VM operation: Cleanup done

Memory protections (0 events):
No events

Nmethod flushes (0 events):
No events

Events (20 events):
Event: 0.688 Thread 0x00000275a00c2fe0 Thread added: 0x00000275801d86c0
Event: 0.890 Thread 0x00000275baabb2e0 Thread added: 0x0000027580432ef0
Event: 1.025 Thread 0x00000275a00c2fe0 Thread added: 0x00000275802c8410
Event: 1.057 Thread 0x00000275a00c2fe0 Thread added: 0x00000275802dcbb0
Event: 1.059 Thread 0x00000275a00c2fe0 Thread added: 0x00000275804f4e90
Event: 1.060 Thread 0x00000275a00c2fe0 Thread added: 0x00000275bae9bfe0
Event: 1.063 Thread 0x00000275804f4e90 Thread added: 0x00000275bae9c640
Event: 1.136 Thread 0x00000275bae9c640 Thread added: 0x00000275802e35b0
Event: 1.219 Thread 0x00000275a00c2fe0 Thread added: 0x0000027580c44480
Event: 1.222 Thread 0x00000275a00c2fe0 Thread added: 0x00000275806472d0
Event: 1.274 Thread 0x00000275802c8410 Thread added: 0x0000027580645200
Event: 1.276 Thread 0x00000275802c8410 Thread added: 0x0000027580647ff0
Event: 1.277 Thread 0x00000275802c8410 Thread added: 0x0000027580645f20
Event: 4.281 Thread 0x0000027580432ef0 Thread exited: 0x0000027580432ef0
Event: 6.370 Thread 0x00000275baabc900 Thread added: 0x0000027580661a50
Event: 6.634 Thread 0x00000275a00c2fe0 Thread added: 0x0000027580648680
Event: 6.635 Thread 0x00000275a00c2fe0 Thread added: 0x0000027580647960
Event: 6.638 Thread 0x0000027580648680 Thread added: 0x0000027580645890
Event: 6.639 Thread 0x0000027580648680 Thread added: 0x00000275806465b0
Event: 6.639 Thread 0x0000027580648680 Thread added: 0x0000027580646c40


Dynamic libraries:
0x00007ff75f800000 - 0x00007ff75f80e000 	C:\Users\annie\.p2\pool\plugins\org.eclipse.justj.openjdk.hotspot.jre.full.win32.x86_64_21.0.9.v20251105-0741\jre\bin\javaw.exe
0x00007fffe2020000 - 0x00007fffe2287000 	C:\WINDOWS\SYSTEM32\ntdll.dll
0x00007fffe1280000 - 0x00007fffe1349000 	C:\WINDOWS\System32\KERNEL32.DLL
0x00007fffdf4f0000 - 0x00007fffdf8df000 	C:\WINDOWS\System32\KERNELBASE.dll
0x00007fffdbcd0000 - 0x00007fffdbd6f000 	C:\WINDOWS\SYSTEM32\apphelp.dll
0x00007fffdf3a0000 - 0x00007fffdf4eb000 	C:\WINDOWS\System32\ucrtbase.dll
0x00007fffd2230000 - 0x00007fffd2248000 	C:\Users\annie\.p2\pool\plugins\org.eclipse.justj.openjdk.hotspot.jre.full.win32.x86_64_21.0.9.v20251105-0741\jre\bin\jli.dll
0x00007fffdff40000 - 0x00007fffe0105000 	C:\WINDOWS\System32\USER32.dll
0x00007fffc2cd0000 - 0x00007fffc2cee000 	C:\Users\annie\.p2\pool\plugins\org.eclipse.justj.openjdk.hotspot.jre.full.win32.x86_64_21.0.9.v20251105-0741\jre\bin\VCRUNTIME140.dll
0x00007fffdf200000 - 0x00007fffdf227000 	C:\WINDOWS\System32\win32u.dll
0x00007fffe0db0000 - 0x00007fffe0ddb000 	C:\WINDOWS\System32\GDI32.dll
0x00007fffb4c90000 - 0x00007fffb4f23000 	C:\WINDOWS\WinSxS\amd64_microsoft.windows.common-controls_6595b64144ccf1df_6.0.26100.7309_none_3e05feeae336a044\COMCTL32.dll
0x00007fffdf8f0000 - 0x00007fffdfa1c000 	C:\WINDOWS\System32\gdi32full.dll
0x00007fffdf230000 - 0x00007fffdf2d3000 	C:\WINDOWS\System32\msvcp_win.dll
0x00007fffe18f0000 - 0x00007fffe1999000 	C:\WINDOWS\System32\msvcrt.dll
0x00007fffe0de0000 - 0x00007fffe0e11000 	C:\WINDOWS\System32\IMM32.DLL
0x00007fffd9dc0000 - 0x00007fffd9dcc000 	C:\Users\annie\.p2\pool\plugins\org.eclipse.justj.openjdk.hotspot.jre.full.win32.x86_64_21.0.9.v20251105-0741\jre\bin\vcruntime140_1.dll
0x00007fffac250000 - 0x00007fffac2dd000 	C:\Users\annie\.p2\pool\plugins\org.eclipse.justj.openjdk.hotspot.jre.full.win32.x86_64_21.0.9.v20251105-0741\jre\bin\msvcp140.dll
0x00007ffef7c10000 - 0x00007ffef89b0000 	C:\Users\annie\.p2\pool\plugins\org.eclipse.justj.openjdk.hotspot.jre.full.win32.x86_64_21.0.9.v20251105-0741\jre\bin\server\jvm.dll
0x00007fffe0cf0000 - 0x00007fffe0da4000 	C:\WINDOWS\System32\ADVAPI32.dll
0x00007fffe0aa0000 - 0x00007fffe0b46000 	C:\WINDOWS\System32\sechost.dll
0x00007fffdfdc0000 - 0x00007fffdfed8000 	C:\WINDOWS\System32\RPCRT4.dll
0x00007fffe0b50000 - 0x00007fffe0bc4000 	C:\WINDOWS\System32\WS2_32.dll
0x00007fffdeff0000 - 0x00007fffdf04e000 	C:\WINDOWS\SYSTEM32\POWRPROF.dll
0x00007fffd7200000 - 0x00007fffd720b000 	C:\WINDOWS\SYSTEM32\VERSION.dll
0x00007fffd98f0000 - 0x00007fffd9925000 	C:\WINDOWS\SYSTEM32\WINMM.dll
0x00007fffdefd0000 - 0x00007fffdefe4000 	C:\WINDOWS\SYSTEM32\UMPDC.dll
0x00007fffddee0000 - 0x00007fffddefb000 	C:\WINDOWS\SYSTEM32\kernel.appcore.dll
0x00007fffdbb80000 - 0x00007fffdbb8a000 	C:\Users\annie\.p2\pool\plugins\org.eclipse.justj.openjdk.hotspot.jre.full.win32.x86_64_21.0.9.v20251105-0741\jre\bin\jimage.dll
0x00007fffdc740000 - 0x00007fffdc982000 	C:\WINDOWS\SYSTEM32\DBGHELP.DLL
0x00007fffe19d0000 - 0x00007fffe1d56000 	C:\WINDOWS\System32\combase.dll
0x00007fffe1360000 - 0x00007fffe1436000 	C:\WINDOWS\System32\OLEAUT32.dll
0x00007fffcb5f0000 - 0x00007fffcb62c000 	C:\WINDOWS\SYSTEM32\dbgcore.DLL
0x00007fffdfa20000 - 0x00007fffdfac5000 	C:\WINDOWS\System32\bcryptPrimitives.dll
0x00007fffd5780000 - 0x00007fffd57a0000 	C:\Users\annie\.p2\pool\plugins\org.eclipse.justj.openjdk.hotspot.jre.full.win32.x86_64_21.0.9.v20251105-0741\jre\bin\java.dll
0x00007fffe0340000 - 0x00007fffe0a93000 	C:\WINDOWS\System32\SHELL32.dll
0x00007fffdfc50000 - 0x00007fffdfdba000 	C:\WINDOWS\System32\wintypes.dll
0x00007fffdcd30000 - 0x00007fffdd58e000 	C:\WINDOWS\SYSTEM32\windows.storage.dll
0x00007fffe1080000 - 0x00007fffe1175000 	C:\WINDOWS\System32\SHCORE.dll
0x00007fffe0bd0000 - 0x00007fffe0c36000 	C:\WINDOWS\System32\shlwapi.dll
0x00007fffdf090000 - 0x00007fffdf0b9000 	C:\WINDOWS\SYSTEM32\profapi.dll
0x00007fffd4f20000 - 0x00007fffd4f38000 	C:\Users\annie\.p2\pool\plugins\org.eclipse.justj.openjdk.hotspot.jre.full.win32.x86_64_21.0.9.v20251105-0741\jre\bin\zip.dll
0x00007fffd7040000 - 0x00007fffd7050000 	C:\Users\annie\.p2\pool\plugins\org.eclipse.justj.openjdk.hotspot.jre.full.win32.x86_64_21.0.9.v20251105-0741\jre\bin\net.dll
0x00007fffd7420000 - 0x00007fffd7548000 	C:\WINDOWS\SYSTEM32\WINHTTP.dll
0x00007fffde430000 - 0x00007fffde49b000 	C:\WINDOWS\system32\mswsock.dll
0x00007fffd4e70000 - 0x00007fffd4e86000 	C:\Users\annie\.p2\pool\plugins\org.eclipse.justj.openjdk.hotspot.jre.full.win32.x86_64_21.0.9.v20251105-0741\jre\bin\nio.dll
0x00007fffd4ef0000 - 0x00007fffd4ef9000 	C:\Users\annie\.p2\pool\plugins\org.eclipse.justj.openjdk.hotspot.jre.full.win32.x86_64_21.0.9.v20251105-0741\jre\bin\extnet.dll
0x00007fffdd910000 - 0x00007fffdda3c000 	C:\WINDOWS\SYSTEM32\DNSAPI.dll
0x00007fffdd8d0000 - 0x00007fffdd904000 	C:\WINDOWS\SYSTEM32\IPHLPAPI.DLL
0x00007fffe0c60000 - 0x00007fffe0c6a000 	C:\WINDOWS\System32\NSI.dll
0x00007fffd65b0000 - 0x00007fffd65bb000 	C:\Windows\System32\rasadhlp.dll
0x00007fffd82e0000 - 0x00007fffd8366000 	C:\WINDOWS\System32\fwpuclnt.dll
0x00007fffde820000 - 0x00007fffde83b000 	C:\WINDOWS\SYSTEM32\CRYPTSP.dll
0x00007fffdde40000 - 0x00007fffdde7a000 	C:\WINDOWS\system32\rsaenh.dll
0x00007fffde4e0000 - 0x00007fffde50b000 	C:\WINDOWS\SYSTEM32\USERENV.dll
0x00007fffdf060000 - 0x00007fffdf08a000 	C:\WINDOWS\SYSTEM32\bcrypt.dll
0x00007fffde680000 - 0x00007fffde68c000 	C:\WINDOWS\SYSTEM32\CRYPTBASE.dll
0x00007fffd5890000 - 0x00007fffd589e000 	C:\Users\annie\.p2\pool\plugins\org.eclipse.justj.openjdk.hotspot.jre.full.win32.x86_64_21.0.9.v20251105-0741\jre\bin\sunmscapi.dll
0x00007fffdfad0000 - 0x00007fffdfc47000 	C:\WINDOWS\System32\CRYPT32.dll
0x00007fffde970000 - 0x00007fffde9a0000 	C:\WINDOWS\SYSTEM32\ncrypt.dll
0x00007fffde920000 - 0x00007fffde95f000 	C:\WINDOWS\SYSTEM32\NTASN1.dll
0x00007fffacd70000 - 0x00007fffacd78000 	C:\WINDOWS\system32\wshunix.dll

JVMTI agents: none

dbghelp: loaded successfully - version: 4.0.5 - missing functions: none
symbol engine: initialized successfully - sym options: 0x614 - pdb path: .;C:\Users\annie\.p2\pool\plugins\org.eclipse.justj.openjdk.hotspot.jre.full.win32.x86_64_21.0.9.v20251105-0741\jre\bin;C:\WINDOWS\SYSTEM32;C:\WINDOWS\WinSxS\amd64_microsoft.windows.common-controls_6595b64144ccf1df_6.0.26100.7309_none_3e05feeae336a044;C:\Users\annie\.p2\pool\plugins\org.eclipse.justj.openjdk.hotspot.jre.full.win32.x86_64_21.0.9.v20251105-0741\jre\bin\server

VM Arguments:
jvm_args: -Dfile.encoding=UTF-8 -Dstdout.encoding=UTF-8 -Dstderr.encoding=UTF-8 -XX:+ShowCodeDetailsInExceptionMessages 
java_command: javaproject1.class1
java_class_path (initial): C:\Users\annie\eclipse-workspace\javaproject1\bin;C:\Users\annie\Downloads\selenium-java-4.40.0\selenium-remote-driver-4.40.0.jar;C:\Users\annie\Downloads\selenium-java-4.40.0\selenium-safari-driver-4.40.0.jar;C:\Users\annie\Downloads\selenium-java-4.40.0\selenium-safari-driver-4.40.0-sources.jar;C:\Users\annie\Downloads\selenium-java-4.40.0\selenium-support-4.40.0.jar;C:\Users\annie\Downloads\selenium-java-4.40.0\selenium-support-4.40.0-sources.jar;C:\Users\annie\Downloads\selenium-java-4.40.0\selenium-devtools-v144-4.40.0.jar;C:\Users\annie\Downloads\selenium-java-4.40.0\selenium-edge-driver-4.40.0.jar;C:\Users\annie\Downloads\selenium-java-4.40.0\selenium-edge-driver-4.40.0-sources.jar;C:\Users\annie\Downloads\selenium-java-4.40.0\selenium-firefox-driver-4.40.0.jar;C:\Users\annie\Downloads\selenium-java-4.40.0\selenium-firefox-driver-4.40.0-sources.jar;C:\Users\annie\Downloads\selenium-java-4.40.0\selenium-http-4.40.0.jar;C:\Users\annie\Downloads\selenium-java-4.40.0\selenium-http-4.40.0-sources.jar;C:\Users\annie\Downloads\selenium-java-4.40.0\selenium-ie-driver-4.40.0.jar;C:\Users\annie\Downloads\selenium-java-4.40.0\selenium-ie-driver-4.40.0-sources.jar;C:\Users\annie\Downloads\selenium-java-4.40.0\selenium-java-4.40.0.jar;C:\Users\annie\Downloads\selenium-java-4.40.0\selenium-java-4.40.0-sources.jar;C:\Users\annie\Downloads\selenium-java-4.40.0\selenium-json-4.40.0.jar;C:\Users\annie\Downloads\selenium-java-4.40.0\selenium-json-4.40.0-sources.jar;C:\Users\annie\Downloads\selenium-java-4.40.0\selenium-manager-4.40.0.jar;C:\Users\annie\Downloads\selenium-java-4.40.0\selenium-manager-4.40.0-sources.jar;C:\Users\annie\Downloads\selenium-java-4.40.0\selenium-os-4.40.0.jar;C:\Users\annie\Downloads\selenium-java-4.40.0\selenium-os-4.40.0-sources.jar;C:\Users\annie\Downloads\selenium-java-4.40.0\selenium-remote-driver-4.40.0-sources.jar;C:\Users\annie\Downloads\selenium-java-4.40.0\selenium-api-4.40.0.jar;C:\Users\annie\Downloads\selenium-java-4.40.0\selenium-api-4.40.0-sources.jar;C:\Users\annie\Downloads\selenium-java-4.40.0\selenium-chrome-driver-4.40.0.jar;C:\Users\annie\Downloads\selenium-java-4.40.0\selenium-chrome-driver-4.40.0-sources.jar;C:\Users\annie\Downloads\selenium-java-4.40.0\selenium-chromium-driver-4.40.0.jar;C:\Users\annie\Downloads\selenium-java-4.40.0\selenium-chromium-driver-4.40.0-sources.jar;C:\Users\annie\Downloads\selenium-java-4.40.0\selenium-devtools-v142-4.40.0.jar;C:\Users\annie\Downloads\selenium-java-4.40.0\selenium-devtools-v142-4.40.0-sources.jar;C:\Users\annie\Downloads\selenium-java-4.40.0\selenium-devtools-v143-4.40.0.jar;C:\Users\annie\Downloads\selenium-java-4.40.0\selenium-devtools-v143-4.40.0-sources.jar;C:\Users\annie\Downloads\selenium-java-4.40.0\selenium-devtools-v144-4.40.0-sources.jar;C:\Users\annie\Downloads\selenium-java-4.40.0\opentelemetry-exporter-logging-1.58.0.jar;C:\Users\annie\Downloads\selenium-java-4.40.0\opentelemetry-exporter-logging-1.58.0-sources.jar;C:\Users\annie\Downloads\selenium-java-4.40.0\opentelemetry-sdk-1.58.0.jar;C:\Users\annie\Downloads\selenium-java-4.40.0\opentelemetry-sdk-1.58.0-sources.jar;C:\Users\annie\Downloads\selenium-java-4.40.0\opentelemetry-sdk-common-1.58.0.jar;C:\Users\annie\Downloads\selenium-java-4.40.0\opentelemetry-sdk-common-1.58.0-sources.jar;C:\Users\annie\Downloads\selenium-java-4.40.0\opentelemetry-sdk-extension-autoconfigure-1.58.0.jar;C:\Users\annie\Downloads\selenium-java-4.40.0\opentelemetry-sdk-extension-autoconfigure-1.58.0-sources.jar;C:\Users\annie\Downloads\selenium-java-4.40.0\opentelemetry-sdk-extension-autoconfigure-spi-1.58.0.jar;C:\Users\annie\Downloads\selenium-java-4.40.0\opentelemetry-sdk-extension-autoconfigure-spi-1.58.0-sources.jar;C:\Users\annie\Downloads\selenium-java-4.40.0\opentelemetry-sdk-logs-1.58.0.jar;C:\Users\annie\Downloads\selenium-java-4.40.0\opentelemetry-sdk-logs-1.58.0-sources.jar;C:\Users\annie\Downloads\selenium-java-4.40.0\opentelemetry-sdk-metrics-1.58.0.jar;C:\Users\annie\Downloads\selenium-java-4.40.0\opentelemetry-sdk-metrics-1.58.0-sources.jar;C:\Users\annie\Downloads\selenium-java-4.40.0\opentelemetry-sdk-trace-1.58.0.jar;C:\Users\annie\Downloads\selenium-java-4.40.0\opentelemetry-sdk-trace-1.58.0-sources.jar;C:\Users\annie\Downloads\selenium-java-4.40.0\auto-service-annotations-1.1.1.jar;C:\Users\annie\Downloads\selenium-java-4.40.0\auto-service-annotations-1.1.1-sources.jar;C:\Users\annie\Downloads\selenium-java-4.40.0\byte-buddy-1.18.4.jar;C:\Users\annie\Downloads\selenium-java-4.40.0\byte-buddy-1.18.4-sources.jar;C:\Users\annie\Downloads\selenium-java-4.40.0\error_prone_annotations-2.41.0.jar;C:\Users\annie\Downloads\selenium-java-4.40.0\error_prone_annotations-2.41.0-sources.jar;C:\Users\annie\Downloads\selenium-java-4.40.0\failureaccess-1.0.3.jar;C:\Users\annie\Downloads\selenium-java-4.40.0\failureaccess-1.0.3-sources.jar;C:\Users\annie\Downloads\selenium-java-4.40.0\guava-33.5.0-jre.jar;C:\Users\annie\Downloads\selenium-java-4.40.0\guava-33.5.0-jre-sources.jar;C:\Users\annie\Downloads\selenium-java-4.40.0\j2objc-annotations-3.1.jar;C:\Users\annie\Downloads\selenium-java-4.40.0\j2objc-annotations-3.1-sources.jar;C:\Users\annie\Downloads\selenium-java-4.40.0\jspecify-1.0.0.jar;C:\Users\annie\Downloads\selenium-java-4.40.0\jspecify-1.0.0-sources.jar;C:\Users\annie\Downloads\selenium-java-4.40.0\listenablefuture-9999.0-empty-to-avoid-conflict-with-guava.jar;C:\Users\annie\Downloads\selenium-java-4.40.0\opentelemetry-api-1.58.0.jar;C:\Users\annie\Downloads\selenium-java-4.40.0\opentelemetry-api-1.58.0-sources.jar;C:\Users\annie\Downloads\selenium-java-4.40.0\opentelemetry-common-1.58.0.jar;C:\Users\annie\Downloads\selenium-java-4.40.0\opentelemetry-common-1.58.0-sources.jar;C:\Users\annie\Downloads\selenium-java-4.40.0\opentelemetry-context-1.58.0.jar;C:\Users\annie\Downloads\selenium-java-4.40.0\opentelemetry-context-1.58.0-sources.jar
Launcher Type: SUN_STANDARD

[Global flags]
     intx CICompilerCount                          = 4                                         {product} {ergonomic}
     uint ConcGCThreads                            = 3                                         {product} {ergonomic}
     uint G1ConcRefinementThreads                  = 10                                        {product} {ergonomic}
   size_t G1HeapRegionSize                         = 2097152                                   {product} {ergonomic}
    uintx GCDrainStackTargetSize                   = 64                                        {product} {ergonomic}
   size_t InitialHeapSize                          = 264241152                                 {product} {ergonomic}
   size_t MarkStackSize                            = 4194304                                   {product} {ergonomic}
   size_t MaxHeapSize                              = 4200595456                                {product} {ergonomic}
   size_t MaxNewSize                               = 2518679552                                {product} {ergonomic}
   size_t MinHeapDeltaBytes                        = 2097152                                   {product} {ergonomic}
   size_t MinHeapSize                              = 8388608                                   {product} {ergonomic}
    uintx NonNMethodCodeHeapSize                   = 5839372                                {pd product} {ergonomic}
    uintx NonProfiledCodeHeapSize                  = 122909434                              {pd product} {ergonomic}
     bool PerfDisableSharedMem                     = true                                      {product} {ergonomic}
    uintx ProfiledCodeHeapSize                     = 122909434                              {pd product} {ergonomic}
    uintx ReservedCodeCacheSize                    = 251658240                              {pd product} {ergonomic}
     bool SegmentedCodeCache                       = true                                      {product} {ergonomic}
     bool ShowCodeDetailsInExceptionMessages       = true                                   {manageable} {command line}
   size_t SoftMaxHeapSize                          = 4200595456                             {manageable} {ergonomic}
     bool UseCompressedOops                        = true                           {product lp64_product} {ergonomic}
     bool UseG1GC                                  = true                                      {product} {ergonomic}
     bool UseLargePagesIndividualAllocation        = false                                  {pd product} {ergonomic}

Logging:
Log output configuration:
 #0: stdout all=warning uptime,level,tags foldmultilines=false
 #1: stderr all=off uptime,level,tags foldmultilines=false

Release file:
JAVA_VERSION="21.0.9" 
MODULES="java.base java.compiler java.datatransfer java.xml java.prefs java.desktop java.instrument java.logging java.management java.security.sasl java.naming java.rmi java.management.rmi java.net.http java.scripting java.security.jgss java.transaction.xa java.sql java.sql.rowset java.xml.crypto java.se java.smartcardio jdk.accessibility jdk.internal.jvmstat jdk.attach jdk.charsets jdk.internal.opt jdk.zipfs jdk.compiler jdk.crypto.ec jdk.crypto.cryptoki jdk.crypto.mscapi jdk.dynalink jdk.internal.ed jdk.editpad jdk.hotspot.agent jdk.httpserver jdk.internal.le jdk.internal.vm.ci jdk.internal.vm.compiler jdk.internal.vm.compiler.management jdk.jartool jdk.javadoc jdk.jcmd jdk.management jdk.management.agent jdk.jconsole jdk.jdeps jdk.jdwp.agent jdk.jdi jdk.jfr jdk.jshell jdk.jsobject jdk.jstatd jdk.localedata jdk.management.jfr jdk.naming.dns jdk.naming.rmi jdk.net jdk.nio.mapmode jdk.random jdk.sctp jdk.security.auth jdk.security.jgss jdk.unsupported jdk.unsupported.desktop jdk.xml.dom" 

Environment Variables:
JAVA_HOME=C:\Program Files\Java\jdk-17
PATH=C:/Users/annie/.p2/pool/plugins/org.eclipse.justj.openjdk.hotspot.jre.full.win32.x86_64_21.0.9.v20251105-0741/jre/bin/server;C:/Users/annie/.p2/pool/plugins/org.eclipse.justj.openjdk.hotspot.jre.full.win32.x86_64_21.0.9.v20251105-0741/jre/bin;C:\Program Files\Common Files\Oracle\Java\javapath;C:\WINDOWS\system32;C:\WINDOWS;C:\WINDOWS\System32\Wbem;C:\WINDOWS\System32\WindowsPowerShell\v1.0\;C:\WINDOWS\System32\OpenSSH\;C:\Program Files\Java\jdk-17\bin;C:\Mavens\apache-maven-3.9.12-bin\apache-maven-3.9.12\bin;C:\Program Files\nodejs\;C:\Users\annie\AppData\Local\Microsoft\WindowsApps;C:\Users\annie\AppData\Roaming\npm;C:\Users\annie\AppData\Local\Programs\Microsoft VS Code\bin;C:\Users\annie\AppData\Local\Python\bin;C:\Program Files\JetBrains\PyCharm 2025.3.1\bin;Java path;;C:\Users\annie\OneDrive\Desktop;
USERNAME=annie
OS=Windows_NT
PROCESSOR_IDENTIFIER=Intel64 Family 6 Model 186 Stepping 3, GenuineIntel
TMP=C:\Users\annie\AppData\Local\Temp
TEMP=C:\Users\annie\AppData\Local\Temp




Periodic native trim disabled

---------------  S Y S T E M  ---------------

OS:
 Windows 11 , 64 bit Build 26100 (10.0.26100.7623)
OS uptime: 0 days 15:23 hours
Hyper-V role detected

CPU: total 12 (initial active 12) (6 cores per cpu, 2 threads per core) family 6 model 186 stepping 3 microcode 0x4129, cx8, cmov, fxsr, ht, mmx, 3dnowpref, sse, sse2, sse3, ssse3, sse4.1, sse4.2, popcnt, lzcnt, tsc, tscinvbit, avx, avx2, aes, erms, clmul, bmi1, bmi2, adx, sha, fma, vzeroupper, clflush, clflushopt, clwb, hv, serialize, rdtscp, rdpid, fsrm, f16c, cet_ibt, cet_ss
Processor Information for processor 0
  Max Mhz: 1700, Current Mhz: 1700, Mhz Limit: 1700
Processor Information for processor 1
  Max Mhz: 1700, Current Mhz: 1457, Mhz Limit: 1700
Processor Information for processor 2
  Max Mhz: 1700, Current Mhz: 1700, Mhz Limit: 1700
Processor Information for processor 3
  Max Mhz: 1700, Current Mhz: 1700, Mhz Limit: 1700
Processor Information for processor 4
  Max Mhz: 1700, Current Mhz: 1700, Mhz Limit: 1700
Processor Information for processor 5
  Max Mhz: 1700, Current Mhz: 1558, Mhz Limit: 1700
Processor Information for processor 6
  Max Mhz: 1700, Current Mhz: 1700, Mhz Limit: 1700
Processor Information for processor 7
  Max Mhz: 1700, Current Mhz: 1700, Mhz Limit: 1700
Processor Information for processor 8
  Max Mhz: 1700, Current Mhz: 1558, Mhz Limit: 1700
Processor Information for processor 9
  Max Mhz: 1700, Current Mhz: 1558, Mhz Limit: 1700
Processor Information for processor 10
  Max Mhz: 1700, Current Mhz: 1700, Mhz Limit: 1700
Processor Information for processor 11
  Max Mhz: 1700, Current Mhz: 1558, Mhz Limit: 1700

Memory: 4k page, system-wide physical 16016M (1978M free)
TotalPageFile size 20112M (AvailPageFile size 5M)
current process WorkingSet (physical memory assigned to process): 134M, peak: 137M
current process commit charge ("private bytes"): 400M, peak: 403M

vm_info: OpenJDK 64-Bit Server VM (21.0.9+10-LTS) for windows-amd64 JRE (21.0.9+10-LTS), built on 2025-10-21T00:00:00Z by "admin" with unknown MS VC++:1942

END.
